TN:
SF:src/createCosmonaut.ts
FN:1,createCosmonaut
FN:22,(anonymous_1)
FN:30,(anonymous_2)
FN:37,(anonymous_3)
FN:48,(anonymous_4)
FNF:5
FNH:5
FNDA:1,createCosmonaut
FNDA:1,(anonymous_1)
FNDA:1,(anonymous_2)
FNDA:1,(anonymous_3)
FNDA:1,(anonymous_4)
DA:1,1
DA:2,1
DA:22,1
DA:23,1
DA:24,1
DA:25,1
DA:26,1
DA:27,1
DA:30,1
DA:31,1
DA:32,1
DA:33,1
DA:34,1
DA:37,1
DA:38,1
DA:39,1
DA:40,1
DA:41,1
DA:42,1
DA:43,1
DA:44,1
DA:45,1
DA:48,1
DA:49,1
DA:50,1
DA:51,1
DA:52,1
LF:27
LH:27
BRDA:22,0,0,1
BRDA:22,0,1,1
BRDA:30,1,0,1
BRDA:30,1,1,1
BRDA:37,2,0,1
BRDA:37,2,1,1
BRDA:48,3,0,1
BRDA:48,3,1,1
BRF:8
BRH:8
end_of_record
TN:
SF:src/superComputer.ts
FN:1,(anonymous_0)
FN:17,callback
FN:26,superComputer
FNF:3
FNH:3
FNDA:1,(anonymous_0)
FNDA:6,callback
FNDA:6,superComputer
DA:1,1
DA:2,1
DA:3,1
DA:4,1
DA:5,1
DA:6,1
DA:18,6
DA:19,0
DA:20,0
DA:22,6
DA:23,6
DA:29,6
DA:30,1
DA:31,1
DA:32,4
DA:33,4
DA:34,0
DA:35,0
DA:36,0
DA:37,0
DA:38,1
DA:39,1
DA:41,6
DA:44,1
LF:24
LH:18
BRDA:1,0,0,1
BRDA:1,0,1,1
BRDA:18,1,0,0
BRDA:18,1,1,6
BRDA:30,2,0,1
BRDA:30,2,1,4
BRDA:30,2,2,0
BRDA:30,2,3,0
BRDA:30,2,4,1
BRF:9
BRH:6
end_of_record
