<?xml version="1.0" encoding="UTF-8"?>
<coverage generated="1613405082579" clover="3.2.0">
  <project timestamp="1613405082579" name="All files">
    <metrics statements="24" coveredstatements="18" conditionals="9" coveredconditionals="6" methods="3" coveredmethods="3" elements="36" coveredelements="27" complexity="0" loc="24" ncloc="24" packages="1" files="1" classes="1"/>
    <file name="superComputer.ts" path="/home/amoz/tek/poc/POC_SoftwarePool2021/src/superComputer.ts">
      <metrics statements="24" coveredstatements="18" conditionals="9" coveredconditionals="6" methods="3" coveredmethods="3"/>
      <line num="1" count="1" type="cond" truecount="2" falsecount="0"/>
      <line num="2" count="1" type="stmt"/>
      <line num="3" count="1" type="stmt"/>
      <line num="4" count="1" type="stmt"/>
      <line num="5" count="1" type="stmt"/>
      <line num="6" count="1" type="stmt"/>
      <line num="18" count="6" type="cond" truecount="1" falsecount="1"/>
      <line num="19" count="0" type="stmt"/>
      <line num="20" count="0" type="stmt"/>
      <line num="22" count="6" type="stmt"/>
      <line num="23" count="6" type="stmt"/>
      <line num="29" count="6" type="stmt"/>
      <line num="30" count="1" type="cond" truecount="3" falsecount="2"/>
      <line num="31" count="1" type="stmt"/>
      <line num="32" count="4" type="stmt"/>
      <line num="33" count="4" type="stmt"/>
      <line num="34" count="0" type="stmt"/>
      <line num="35" count="0" type="stmt"/>
      <line num="36" count="0" type="stmt"/>
      <line num="37" count="0" type="stmt"/>
      <line num="38" count="1" type="stmt"/>
      <line num="39" count="1" type="stmt"/>
      <line num="41" count="6" type="stmt"/>
      <line num="44" count="1" type="stmt"/>
    </file>
  </project>
</coverage>
