TN:
SF:src/superComputer.ts
FN:1,(anonymous_0)
FN:17,callback
FN:26,superComputer
FNF:3
FNH:3
FNDA:1,(anonymous_0)
FNDA:6,callback
FNDA:6,superComputer
DA:1,1
DA:2,1
DA:3,1
DA:4,1
DA:5,1
DA:6,1
DA:18,6
DA:19,0
DA:20,0
DA:22,6
DA:23,6
DA:29,6
DA:30,1
DA:31,1
DA:32,4
DA:33,4
DA:34,0
DA:35,0
DA:36,0
DA:37,0
DA:38,1
DA:39,1
DA:41,6
DA:44,1
LF:24
LH:18
BRDA:1,0,0,1
BRDA:1,0,1,1
BRDA:18,1,0,0
BRDA:18,1,1,6
BRDA:30,2,0,1
BRDA:30,2,1,4
BRDA:30,2,2,0
BRDA:30,2,3,0
BRDA:30,2,4,1
BRF:9
BRH:6
end_of_record
